<?xml version="1.0" encoding="UTF-8"?>
<coverage generated="1585513661">
  <project timestamp="1585513661">
    <package name="Indodana\Exceptions">
      <file name="/home/stvyang/Code/Workspace/indodana-paylater-sdk-php/src/Exceptions/IndodanaRequestException.php">
        <class name="IndodanaRequestException" namespace="Indodana\Exceptions">
          <metrics complexity="3" methods="1" coveredmethods="1" conditionals="0" coveredconditionals="0" statements="7" coveredstatements="7" elements="8" coveredelements="8"/>
        </class>
        <line num="10" type="method" name="__construct" visibility="public" complexity="3" crap="3" count="7"/>
        <line num="14" type="stmt" count="7"/>
        <line num="15" type="stmt" count="1"/>
        <line num="17" type="stmt" count="1"/>
        <line num="20" type="stmt" count="6"/>
        <line num="23" type="stmt" count="6"/>
        <line num="24" type="stmt" count="1"/>
        <line num="25" type="stmt" count="1"/>
        <line num="29" type="stmt" count="5"/>
        <line num="33" type="stmt" count="5"/>
        <line num="34" type="stmt" count="4"/>
        <line num="35" type="stmt" count="5"/>
        <line num="36" type="stmt" count="2"/>
        <line num="37" type="stmt" count="2"/>
        <line num="38" type="stmt" count="2"/>
        <line num="41" type="stmt" count="3"/>
        <line num="42" type="stmt" count="3"/>
        <line num="44" type="stmt" count="3"/>
        <line num="45" type="stmt" count="3"/>
        <line num="46" type="stmt" count="3"/>
        <line num="48" type="stmt" count="3"/>
        <line num="49" type="stmt" count="3"/>
        <metrics loc="66" ncloc="56" classes="1" methods="1" coveredmethods="1" conditionals="0" coveredconditionals="0" statements="21" coveredstatements="21" elements="22" coveredelements="22"/>
      </file>
      <file name="/home/stvyang/Code/Workspace/indodana-paylater-sdk-php/src/Exceptions/IndodanaSdkException.php">
        <class name="IndodanaSdkException" namespace="Indodana\Exceptions">
          <metrics complexity="0" methods="0" coveredmethods="0" conditionals="0" coveredconditionals="0" statements="0" coveredstatements="0" elements="0" coveredelements="0"/>
        </class>
        <metrics loc="7" ncloc="7" classes="0" methods="0" coveredmethods="0" conditionals="0" coveredconditionals="0" statements="0" coveredstatements="0" elements="0" coveredelements="0"/>
      </file>
    </package>
    <package name="Indodana">
      <file name="/home/stvyang/Code/Workspace/indodana-paylater-sdk-php/src/Indodana.php">
        <class name="Indodana" namespace="Indodana">
          <metrics complexity="15" methods="12" coveredmethods="12" conditionals="0" coveredconditionals="0" statements="62" coveredstatements="62" elements="74" coveredelements="74"/>
        </class>
        <line num="29" type="method" name="__construct" visibility="public" complexity="2" crap="2" count="14"/>
        <line num="31" type="stmt" count="14"/>
        <line num="33" type="stmt" count="14"/>
        <line num="35" type="stmt" count="14"/>
        <line num="36" type="stmt" count="14"/>
        <line num="37" type="stmt" count="14"/>
        <line num="38" type="stmt" count="14"/>
        <line num="40" type="stmt" count="14"/>
        <line num="42" type="stmt" count="14"/>
        <line num="43" type="stmt" count="2"/>
        <line num="46" type="stmt" count="12"/>
        <line num="47" type="stmt" count="12"/>
        <line num="48" type="stmt" count="12"/>
        <line num="49" type="stmt" count="12"/>
        <line num="51" type="method" name="setBaseUrl" visibility="private" complexity="1" crap="1" count="12"/>
        <line num="53" type="stmt" count="12"/>
        <line num="54" type="stmt" count="12"/>
        <line num="56" type="method" name="urlPath" visibility="private" complexity="1" crap="1" count="4"/>
        <line num="58" type="stmt" count="4"/>
        <line num="61" type="method" name="getDefaultHeader" visibility="private" complexity="1" crap="1" count="4"/>
        <line num="63" type="stmt" count="4"/>
        <line num="64" type="stmt" count="4"/>
        <line num="65" type="stmt" count="4"/>
        <line num="66" type="stmt" count="4"/>
        <line num="69" type="method" name="getAvailableEnvironments" visibility="public" complexity="1" crap="1" count="14"/>
        <line num="71" type="stmt" count="14"/>
        <line num="74" type="method" name="getInstallmentOptions" visibility="public" complexity="1" crap="1" count="1"/>
        <line num="76" type="stmt" count="1"/>
        <line num="77" type="stmt" count="1"/>
        <line num="78" type="stmt" count="1"/>
        <line num="80" type="stmt" count="1"/>
        <line num="82" type="stmt" count="1"/>
        <line num="85" type="method" name="checkout" visibility="public" complexity="1" crap="1" count="1"/>
        <line num="87" type="stmt" count="1"/>
        <line num="88" type="stmt" count="1"/>
        <line num="89" type="stmt" count="1"/>
        <line num="91" type="stmt" count="1"/>
        <line num="93" type="stmt" count="1"/>
        <line num="96" type="method" name="checkTransactionStatus" visibility="public" complexity="1" crap="1" count="1"/>
        <line num="98" type="stmt" count="1"/>
        <line num="99" type="stmt" count="1"/>
        <line num="100" type="stmt" count="1"/>
        <line num="102" type="stmt" count="1"/>
        <line num="104" type="stmt" count="1"/>
        <line num="107" type="method" name="refund" visibility="public" complexity="1" crap="1" count="1"/>
        <line num="109" type="stmt" count="1"/>
        <line num="110" type="stmt" count="1"/>
        <line num="111" type="stmt" count="1"/>
        <line num="113" type="stmt" count="1"/>
        <line num="115" type="stmt" count="1"/>
        <line num="118" type="method" name="getBaseUrl" visibility="public" complexity="1" crap="1" count="3"/>
        <line num="120" type="stmt" count="3"/>
        <line num="123" type="method" name="getAuthToken" visibility="public" complexity="1" crap="1" count="1"/>
        <line num="125" type="stmt" count="1"/>
        <line num="126" type="stmt" count="1"/>
        <line num="127" type="stmt" count="1"/>
        <line num="128" type="stmt" count="1"/>
        <line num="131" type="method" name="validateAuthCredentials" visibility="public" complexity="3" crap="3" count="4"/>
        <line num="133" type="stmt" count="4"/>
        <line num="135" type="stmt" count="4"/>
        <line num="136" type="stmt" count="1"/>
        <line num="139" type="stmt" count="3"/>
        <line num="141" type="stmt" count="3"/>
        <line num="142" type="stmt" count="1"/>
        <line num="145" type="stmt" count="2"/>
        <line num="147" type="stmt" count="2"/>
        <line num="148" type="stmt" count="2"/>
        <line num="150" type="stmt" count="2"/>
        <line num="152" type="stmt" count="2"/>
        <line num="154" type="stmt" count="2"/>
        <line num="155" type="stmt" count="2"/>
        <line num="156" type="stmt" count="2"/>
        <line num="157" type="stmt" count="2"/>
        <line num="159" type="stmt" count="2"/>
        <metrics loc="161" ncloc="161" classes="1" methods="12" coveredmethods="12" conditionals="0" coveredconditionals="0" statements="62" coveredstatements="62" elements="74" coveredelements="74"/>
      </file>
      <file name="/home/stvyang/Code/Workspace/indodana-paylater-sdk-php/src/IndodanaApiSecurity.php">
        <class name="IndodanaApiSecurity" namespace="Indodana">
          <metrics complexity="1" methods="1" coveredmethods="1" conditionals="0" coveredconditionals="0" statements="8" coveredstatements="8" elements="9" coveredelements="9"/>
        </class>
        <line num="6" type="method" name="generateAuthToken" visibility="public" complexity="1" crap="1" count="5"/>
        <line num="8" type="stmt" count="5"/>
        <line num="10" type="stmt" count="5"/>
        <line num="11" type="stmt" count="5"/>
        <line num="13" type="stmt" count="5"/>
        <line num="15" type="stmt" count="5"/>
        <line num="16" type="stmt" count="5"/>
        <line num="18" type="stmt" count="5"/>
        <line num="20" type="stmt" count="5"/>
        <line num="25" type="stmt" count="7"/>
        <line num="30" type="stmt" count="7"/>
        <metrics loc="32" ncloc="32" classes="1" methods="1" coveredmethods="1" conditionals="0" coveredconditionals="0" statements="10" coveredstatements="10" elements="11" coveredelements="11"/>
      </file>
      <file name="/home/stvyang/Code/Workspace/indodana-paylater-sdk-php/src/IndodanaHttpClient.php">
        <class name="IndodanaHttpClient" namespace="Indodana">
          <metrics complexity="8" methods="2" coveredmethods="2" conditionals="0" coveredconditionals="0" statements="35" coveredstatements="35" elements="37" coveredelements="37"/>
        </class>
        <line num="10" type="method" name="get" visibility="public" complexity="4" crap="4" count="3"/>
        <line num="12" type="stmt" count="3"/>
        <line num="14" type="stmt" count="3"/>
        <line num="16" type="stmt" count="3"/>
        <line num="17" type="stmt" count="3"/>
        <line num="18" type="stmt" count="3"/>
        <line num="20" type="stmt" count="3"/>
        <line num="21" type="stmt" count="3"/>
        <line num="23" type="stmt" count="3"/>
        <line num="24" type="stmt" count="1"/>
        <line num="27" type="stmt" count="2"/>
        <line num="29" type="stmt" count="2"/>
        <line num="31" type="stmt" count="2"/>
        <line num="33" type="stmt" count="2"/>
        <line num="34" type="stmt" count="1"/>
        <line num="35" type="stmt" count="1"/>
        <line num="37" type="stmt" count="1"/>
        <line num="40" type="stmt" count="1"/>
        <line num="43" type="method" name="post" visibility="public" complexity="4" crap="4" count="3"/>
        <line num="45" type="stmt" count="3"/>
        <line num="47" type="stmt" count="3"/>
        <line num="49" type="stmt" count="3"/>
        <line num="50" type="stmt" count="3"/>
        <line num="51" type="stmt" count="3"/>
        <line num="52" type="stmt" count="3"/>
        <line num="54" type="stmt" count="3"/>
        <line num="55" type="stmt" count="3"/>
        <line num="57" type="stmt" count="3"/>
        <line num="58" type="stmt" count="1"/>
        <line num="61" type="stmt" count="2"/>
        <line num="63" type="stmt" count="2"/>
        <line num="65" type="stmt" count="2"/>
        <line num="67" type="stmt" count="2"/>
        <line num="68" type="stmt" count="1"/>
        <line num="69" type="stmt" count="1"/>
        <line num="71" type="stmt" count="1"/>
        <line num="74" type="stmt" count="1"/>
        <metrics loc="76" ncloc="72" classes="1" methods="2" coveredmethods="2" conditionals="0" coveredconditionals="0" statements="35" coveredstatements="35" elements="37" coveredelements="37"/>
      </file>
      <file name="/home/stvyang/Code/Workspace/indodana-paylater-sdk-php/src/IndodanaRequest.php">
        <class name="IndodanaRequest" namespace="Indodana">
          <metrics complexity="1" methods="1" coveredmethods="1" conditionals="0" coveredconditionals="0" statements="6" coveredstatements="6" elements="7" coveredelements="7"/>
        </class>
        <line num="8" type="method" name="createDefaultHeader" visibility="public" complexity="1" crap="1" count="4"/>
        <line num="10" type="stmt" count="4"/>
        <line num="11" type="stmt" count="4"/>
        <line num="13" type="stmt" count="4"/>
        <line num="16" type="stmt" count="4"/>
        <line num="17" type="stmt" count="4"/>
        <line num="18" type="stmt" count="4"/>
        <metrics loc="21" ncloc="21" classes="1" methods="1" coveredmethods="1" conditionals="0" coveredconditionals="0" statements="6" coveredstatements="6" elements="7" coveredelements="7"/>
      </file>
    </package>
    <package name="Indodana\RespectValidation">
      <file name="/home/stvyang/Code/Workspace/indodana-paylater-sdk-php/src/RespectValidation/RespectValidationHelper.php">
        <class name="RespectValidationHelper" namespace="Indodana\RespectValidation">
          <metrics complexity="2" methods="1" coveredmethods="1" conditionals="0" coveredconditionals="0" statements="10" coveredstatements="10" elements="11" coveredelements="11"/>
        </class>
        <line num="10" type="method" name="validate" visibility="public" complexity="2" crap="2" count="14"/>
        <line num="13" type="stmt" count="14"/>
        <line num="15" type="stmt" count="12"/>
        <line num="16" type="stmt" count="12"/>
        <line num="17" type="stmt" count="12"/>
        <line num="18" type="stmt" count="12"/>
        <line num="19" type="stmt" count="2"/>
        <line num="20" type="stmt" count="2"/>
        <line num="21" type="stmt" count="2"/>
        <line num="22" type="stmt" count="2"/>
        <line num="23" type="stmt" count="2"/>
        <metrics loc="26" ncloc="26" classes="1" methods="1" coveredmethods="1" conditionals="0" coveredconditionals="0" statements="10" coveredstatements="10" elements="11" coveredelements="11"/>
      </file>
      <file name="/home/stvyang/Code/Workspace/indodana-paylater-sdk-php/src/RespectValidation/RespectValidationResult.php">
        <class name="RespectValidationResult" namespace="Indodana\RespectValidation">
          <metrics complexity="4" methods="4" coveredmethods="4" conditionals="0" coveredconditionals="0" statements="6" coveredstatements="6" elements="10" coveredelements="10"/>
        </class>
        <line num="10" type="method" name="__construct" complexity="1" crap="1" count="14"/>
        <line num="14" type="stmt" count="14"/>
        <line num="15" type="stmt" count="14"/>
        <line num="16" type="stmt" count="14"/>
        <line num="18" type="method" name="isSuccess" visibility="public" complexity="1" crap="1" count="14"/>
        <line num="20" type="stmt" count="14"/>
        <line num="23" type="method" name="getErrorMesssages" visibility="public" complexity="1" crap="1" count="2"/>
        <line num="25" type="stmt" count="2"/>
        <line num="28" type="method" name="printErrorMessages" visibility="public" complexity="1" crap="1" count="2"/>
        <line num="30" type="stmt" count="2"/>
        <metrics loc="32" ncloc="32" classes="1" methods="4" coveredmethods="4" conditionals="0" coveredconditionals="0" statements="6" coveredstatements="6" elements="10" coveredelements="10"/>
      </file>
    </package>
    <metrics files="8" loc="421" ncloc="407" classes="7" methods="22" coveredmethods="22" conditionals="0" coveredconditionals="0" statements="150" coveredstatements="150" elements="172" coveredelements="172"/>
  </project>
</coverage>
